{
  "stats": {
    "suites": 1,
    "tests": 2,
    "passes": 2,
    "pending": 0,
    "failures": 0,
    "start": "2022-07-12T10:23:17.873Z",
    "end": "2022-07-12T10:23:30.669Z",
    "duration": 12796,
    "testsRegistered": 2,
    "passPercent": 100,
    "pendingPercent": 0,
    "other": 0,
    "hasOther": false,
    "skipped": 0,
    "hasSkipped": false
  },
  "results": [
    {
      "uuid": "54b9f65f-18c5-40fd-a66b-46ea051340fc",
      "title": "",
      "fullFile": "cypress/integration/greenkart/Test2.js",
      "file": "cypress/integration/greenkart/Test2.js",
      "beforeHooks": [],
      "afterHooks": [],
      "tests": [],
      "suites": [
        {
          "uuid": "7b4c1744-dacd-4ca5-9235-2ee9f82a933b",
          "title": "my firest tests",
          "fullFile": "",
          "file": "",
          "beforeHooks": [],
          "afterHooks": [],
          "tests": [
            {
              "title": "first test case",
              "fullTitle": "my firest tests first test case",
              "timedOut": null,
              "duration": 7571,
              "state": "passed",
              "speed": "medium",
              "pass": true,
              "fail": false,
              "pending": false,
              "context": null,
              "code": "cy.visit('https://rahulshettyacademy.com/seleniumPractise/#/');\ncy.get('form input').type('ca');\ncy.get('.product:visible').should('have.length', 4); // wrapping up same xpath to alias\ncy.get('.products').as('productlocators');\ncy.get('@productlocators').find('.product').should('have.length', 4);\ncy.get('@productlocators').find('.product').eq(2).contains('ADD TO CART').click();\ncy.get('@productlocators').find('.product').each(($el, index, $list) => {\n  var veg_name = $el.find('h4.product-name').text();\n  if (veg_name.includes(\"Cashews\")) {\n    cy.wrap($el).find('button').click();\n  }\n});\ncy.wait(2000);\ncy.get('.brand').should('have.text', 'GREENKART');\ncy.get('.brand').then(function (logoelement) {\n  cy.log(logoelement.text());\n}); // cy.xpath('//img[@alt=\"Cart\"]').click()\ncy.get('.cart-icon > img').click();\ncy.wait(2000);\ncy.get('div.container div.container div.cart div.cart-preview.active:nth-child(6) div.action-block:nth-child(2) > button:nth-child(1)').click(); // cy.contains(\"PROCEED TO CHECKOUT\").click()\n// cy.screenshot()",
              "err": {},
              "uuid": "18166d8e-8a33-4558-b43b-380a8bfbb790",
              "parentUUID": "7b4c1744-dacd-4ca5-9235-2ee9f82a933b",
              "isHook": false,
              "skipped": false
            },
            {
              "title": "second test case",
              "fullTitle": "my firest tests second test case",
              "timedOut": null,
              "duration": 49,
              "state": "passed",
              "speed": "fast",
              "pass": true,
              "fail": false,
              "pending": false,
              "context": null,
              "code": "",
              "err": {},
              "uuid": "5665f622-c5f7-4e96-a395-da9fb201b033",
              "parentUUID": "7b4c1744-dacd-4ca5-9235-2ee9f82a933b",
              "isHook": false,
              "skipped": false
            }
          ],
          "suites": [],
          "passes": [
            "18166d8e-8a33-4558-b43b-380a8bfbb790",
            "5665f622-c5f7-4e96-a395-da9fb201b033"
          ],
          "failures": [],
          "pending": [],
          "skipped": [],
          "duration": 7620,
          "root": false,
          "rootEmpty": false,
          "_timeout": 2000
        }
      ],
      "passes": [],
      "failures": [],
      "pending": [],
      "skipped": [],
      "duration": 0,
      "root": true,
      "rootEmpty": true,
      "_timeout": 2000
    }
  ],
  "meta": {
    "mocha": {
      "version": "7.0.1"
    },
    "mochawesome": {
      "options": {
        "quiet": false,
        "reportFilename": "mochawesome",
        "saveHtml": true,
        "saveJson": true,
        "consoleReporter": "spec",
        "useInlineDiffs": false,
        "code": true
      },
      "version": "7.1.3"
    },
    "marge": {
      "options": null,
      "version": "6.2.0"
    }
  }
}